# JRE version: OpenJDK Runtime Environment (8.0_152-b01) (build 1.8.0_152-release-915-b01)
# Java VM: OpenJDK 64-Bit Server VM (25.152-b01 mixed mode windows-amd64 compressed oops)
Heap:
 PSYoungGen      total 117248K, used 49799K [0x00000000e0000000, 0x00000000e9080000, 0x0000000100000000)
  eden space 91648K, 50% used [0x00000000e0000000,0x00000000e2ce6210,0x00000000e5980000)
  from space 25600K, 14% used [0x00000000e7780000,0x00000000e7b3bb48,0x00000000e9080000)
  to   space 28160K, 0% used [0x00000000e5980000,0x00000000e5980000,0x00000000e7500000)
 ParOldGen       total 164352K, used 73922K [0x00000000a0000000, 0x00000000aa080000, 0x00000000e0000000)
  object space 164352K, 44% used [0x00000000a0000000,0x00000000a48308b0,0x00000000aa080000)
 Metaspace       used 84940K, capacity 93660K, committed 93784K, reserved 1130496K
  class space    used 10864K, capacity 12870K, committed 12928K, reserved 1048576K
GC Heap History (10 events):
Event: 3233.034 GC heap before
{Heap before GC invocations=49 (full 3):
 PSYoungGen      total 110592K, used 110416K [0x00000000e0000000, 0x00000000e9f80000, 0x0000000100000000)
  eden space 101888K, 99% used [0x00000000e0000000,0x00000000e637c1f8,0x00000000e6380000)
  from space 8704K, 98% used [0x00000000e6580000,0x00000000e6dd8050,0x00000000e6e00000)
  to   space 30720K, 0% used [0x00000000e8180000,0x00000000e8180000,0x00000000e9f80000)
 ParOldGen       total 164352K, used 72651K [0x00000000a0000000, 0x00000000aa080000, 0x00000000e0000000)
  object space 164352K, 44% used [0x00000000a0000000,0x00000000a46f2c20,0x00000000aa080000)
 Metaspace       used 84665K, capacity 93098K, committed 93400K, reserved 1130496K
  class space    used 10830K, capacity 12749K, committed 12800K, reserved 1048576K
Event: 3233.044 GC heap after
Heap after GC invocations=49 (full 3):
 PSYoungGen      total 127488K, used 9811K [0x00000000e0000000, 0x00000000e9c80000, 0x0000000100000000)
  eden space 99840K, 0% used [0x00000000e0000000,0x00000000e0000000,0x00000000e6180000)
  from space 27648K, 35% used [0x00000000e8180000,0x00000000e8b14d28,0x00000000e9c80000)
  to   space 30208K, 0% used [0x00000000e6180000,0x00000000e6180000,0x00000000e7f00000)
 ParOldGen       total 164352K, used 73086K [0x00000000a0000000, 0x00000000aa080000, 0x00000000e0000000)
  object space 164352K, 44% used [0x00000000a0000000,0x00000000a475fa18,0x00000000aa080000)
 Metaspace       used 84665K, capacity 93098K, committed 93400K, reserved 1130496K
  class space    used 10830K, capacity 12749K, committed 12800K, reserved 1048576K
}
Event: 3266.167 GC heap before
{Heap before GC invocations=50 (full 3):
 PSYoungGen      total 127488K, used 109651K [0x00000000e0000000, 0x00000000e9c80000, 0x0000000100000000)
  eden space 99840K, 100% used [0x00000000e0000000,0x00000000e6180000,0x00000000e6180000)
  from space 27648K, 35% used [0x00000000e8180000,0x00000000e8b14d28,0x00000000e9c80000)
  to   space 30208K, 0% used [0x00000000e6180000,0x00000000e6180000,0x00000000e7f00000)
 ParOldGen       total 164352K, used 73086K [0x00000000a0000000, 0x00000000aa080000, 0x00000000e0000000)
  object space 164352K, 44% used [0x00000000a0000000,0x00000000a475fa18,0x00000000aa080000)
 Metaspace       used 84777K, capacity 93282K, committed 93400K, reserved 1130496K
  class space    used 10841K, capacity 12789K, committed 12800K, reserved 1048576K
Event: 3266.176 GC heap after
Heap after GC invocations=50 (full 3):
 PSYoungGen      total 105472K, used 7555K [0x00000000e0000000, 0x00000000e9980000, 0x0000000100000000)
  eden space 97792K, 0% used [0x00000000e0000000,0x00000000e0000000,0x00000000e5f80000)
  from space 7680K, 98% used [0x00000000e6180000,0x00000000e68e0de0,0x00000000e6900000)
  to   space 29696K, 0% used [0x00000000e7c80000,0x00000000e7c80000,0x00000000e9980000)
 ParOldGen       total 164352K, used 73246K [0x00000000a0000000, 0x00000000aa080000, 0x00000000e0000000)
  object space 164352K, 44% used [0x00000000a0000000,0x00000000a4787a18,0x00000000aa080000)
 Metaspace       used 84777K, capacity 93282K, committed 93400K, reserved 1130496K
  class space    used 10841K, capacity 12789K, committed 12800K, reserved 1048576K
}
Event: 3268.627 GC heap before
{Heap before GC invocations=51 (full 3):
 PSYoungGen      total 105472K, used 105327K [0x00000000e0000000, 0x00000000e9980000, 0x0000000100000000)
  eden space 97792K, 99% used [0x00000000e0000000,0x00000000e5f7b1c8,0x00000000e5f80000)
  from space 7680K, 98% used [0x00000000e6180000,0x00000000e68e0de0,0x00000000e6900000)
  to   space 29696K, 0% used [0x00000000e7c80000,0x00000000e7c80000,0x00000000e9980000)
 ParOldGen       total 164352K, used 73246K [0x00000000a0000000, 0x00000000aa080000, 0x00000000e0000000)
  object space 164352K, 44% used [0x00000000a0000000,0x00000000a4787a18,0x00000000aa080000)
 Metaspace       used 84812K, capacity 93282K, committed 93400K, reserved 1130496K
  class space    used 10841K, capacity 12789K, committed 12800K, reserved 1048576K
Event: 3268.639 GC heap after
Heap after GC invocations=51 (full 3):
 PSYoungGen      total 121344K, used 8495K [0x00000000e0000000, 0x00000000e9580000, 0x0000000100000000)
  eden space 95744K, 0% used [0x00000000e0000000,0x00000000e0000000,0x00000000e5d80000)
  from space 25600K, 33% used [0x00000000e7c80000,0x00000000e84cbe20,0x00000000e9580000)
  to   space 28672K, 0% used [0x00000000e5d80000,0x00000000e5d80000,0x00000000e7980000)
 ParOldGen       total 164352K, used 73526K [0x00000000a0000000, 0x00000000aa080000, 0x00000000e0000000)
  object space 164352K, 44% used [0x00000000a0000000,0x00000000a47cda98,0x00000000aa080000)
 Metaspace       used 84812K, capacity 93282K, committed 93400K, reserved 1130496K
  class space    used 10841K, capacity 12789K, committed 12800K, reserved 1048576K
}
Event: 3304.534 GC heap before
{Heap before GC invocations=52 (full 3):
 PSYoungGen      total 121344K, used 104239K [0x00000000e0000000, 0x00000000e9580000, 0x0000000100000000)
  eden space 95744K, 100% used [0x00000000e0000000,0x00000000e5d80000,0x00000000e5d80000)
  from space 25600K, 33% used [0x00000000e7c80000,0x00000000e84cbe20,0x00000000e9580000)
  to   space 28672K, 0% used [0x00000000e5d80000,0x00000000e5d80000,0x00000000e7980000)
 ParOldGen       total 164352K, used 73526K [0x00000000a0000000, 0x00000000aa080000, 0x00000000e0000000)
  object space 164352K, 44% used [0x00000000a0000000,0x00000000a47cda98,0x00000000aa080000)
 Metaspace       used 84873K, capacity 93466K, committed 93784K, reserved 1130496K
  class space    used 10852K, capacity 12829K, committed 12928K, reserved 1048576K
Event: 3304.544 GC heap after
Heap after GC invocations=52 (full 3):
 PSYoungGen      total 100864K, used 6739K [0x00000000e0000000, 0x00000000e9380000, 0x0000000100000000)
  eden space 93696K, 0% used [0x00000000e0000000,0x00000000e0000000,0x00000000e5b80000)
  from space 7168K, 94% used [0x00000000e5d80000,0x00000000e6414dd0,0x00000000e6480000)
  to   space 28672K, 0% used [0x00000000e7780000,0x00000000e7780000,0x00000000e9380000)
 ParOldGen       total 164352K, used 73834K [0x00000000a0000000, 0x00000000aa080000, 0x00000000e0000000)
  object space 164352K, 44% used [0x00000000a0000000,0x00000000a481a8b0,0x00000000aa080000)
 Metaspace       used 84873K, capacity 93466K, committed 93784K, reserved 1130496K
  class space    used 10852K, capacity 12829K, committed 12928K, reserved 1048576K
}
Event: 3431.746 GC heap before
{Heap before GC invocations=53 (full 3):
 PSYoungGen      total 100864K, used 100435K [0x00000000e0000000, 0x00000000e9380000, 0x0000000100000000)
  eden space 93696K, 100% used [0x00000000e0000000,0x00000000e5b80000,0x00000000e5b80000)
  from space 7168K, 94% used [0x00000000e5d80000,0x00000000e6414dd0,0x00000000e6480000)
  to   space 28672K, 0% used [0x00000000e7780000,0x00000000e7780000,0x00000000e9380000)
 ParOldGen       total 164352K, used 73834K [0x00000000a0000000, 0x00000000aa080000, 0x00000000e0000000)
  object space 164352K, 44% used [0x00000000a0000000,0x00000000a481a8b0,0x00000000aa080000)
 Metaspace       used 84895K, capacity 93534K, committed 93784K, reserved 1130496K
  class space    used 10852K, capacity 12829K, committed 12928K, reserved 1048576K
Event: 3431.768 GC heap after
Heap after GC invocations=53 (full 3):
 PSYoungGen      total 117248K, used 3822K [0x00000000e0000000, 0x00000000e9080000, 0x0000000100000000)
  eden space 91648K, 0% used [0x00000000e0000000,0x00000000e0000000,0x00000000e5980000)
  from space 25600K, 14% used [0x00000000e7780000,0x00000000e7b3bb48,0x00000000e9080000)
  to   space 28160K, 0% used [0x00000000e5980000,0x00000000e5980000,0x00000000e7500000)
 ParOldGen       total 164352K, used 73922K [0x00000000a0000000, 0x00000000aa080000, 0x00000000e0000000)
  object space 164352K, 44% used [0x00000000a0000000,0x00000000a48308b0,0x00000000aa080000)
 Metaspace       used 84895K, capacity 93534K, committed 93784K, reserved 1130496K
  class space    used 10852K, capacity 12829K, committed 12928K, reserved 1048576K
}

