# JRE version: OpenJDK Runtime Environment (8.0_152-b01) (build 1.8.0_152-release-915-b01)
# Java VM: OpenJDK 64-Bit Server VM (25.152-b01 mixed mode windows-amd64 compressed oops)
Heap:
 PSYoungGen      total 180736K, used 48334K [0x00000000e0000000, 0x00000000ede00000, 0x0000000100000000)
  eden space 159744K, 21% used [0x00000000e0000000,0x00000000e2187658,0x00000000e9c00000)
  from space 20992K, 66% used [0x00000000e9c00000,0x00000000ea9ac478,0x00000000eb080000)
  to   space 21504K, 0% used [0x00000000ec900000,0x00000000ec900000,0x00000000ede00000)
 ParOldGen       total 160768K, used 37751K [0x00000000a0000000, 0x00000000a9d00000, 0x00000000e0000000)
  object space 160768K, 23% used [0x00000000a0000000,0x00000000a24ddfe8,0x00000000a9d00000)
 Metaspace       used 67459K, capacity 69922K, committed 70232K, reserved 1110016K
  class space    used 8937K, capacity 9488K, committed 9600K, reserved 1048576K
GC Heap History (10 events):
Event: 8.708 GC heap before
{Heap before GC invocations=10 (full 2):
 PSYoungGen      total 109568K, used 98816K [0x00000000e0000000, 0x00000000ea280000, 0x0000000100000000)
  eden space 98816K, 100% used [0x00000000e0000000,0x00000000e6080000,0x00000000e6080000)
  from space 10752K, 0% used [0x00000000e6080000,0x00000000e6080000,0x00000000e6b00000)
  to   space 11264K, 0% used [0x00000000e9780000,0x00000000e9780000,0x00000000ea280000)
 ParOldGen       total 100864K, used 15727K [0x00000000a0000000, 0x00000000a6280000, 0x00000000e0000000)
  object space 100864K, 15% used [0x00000000a0000000,0x00000000a0f5bd80,0x00000000a6280000)
 Metaspace       used 41071K, capacity 41870K, committed 42072K, reserved 1085440K
  class space    used 5464K, capacity 5754K, committed 5760K, reserved 1048576K
Event: 8.719 GC heap after
Heap after GC invocations=10 (full 2):
 PSYoungGen      total 146944K, used 10851K [0x00000000e0000000, 0x00000000ea280000, 0x0000000100000000)
  eden space 135680K, 0% used [0x00000000e0000000,0x00000000e0000000,0x00000000e8480000)
  from space 11264K, 96% used [0x00000000e9780000,0x00000000ea218dd0,0x00000000ea280000)
  to   space 12288K, 0% used [0x00000000e8a80000,0x00000000e8a80000,0x00000000e9680000)
 ParOldGen       total 100864K, used 15735K [0x00000000a0000000, 0x00000000a6280000, 0x00000000e0000000)
  object space 100864K, 15% used [0x00000000a0000000,0x00000000a0f5dd80,0x00000000a6280000)
 Metaspace       used 41071K, capacity 41870K, committed 42072K, reserved 1085440K
  class space    used 5464K, capacity 5754K, committed 5760K, reserved 1048576K
}
Event: 11.675 GC heap before
{Heap before GC invocations=11 (full 2):
 PSYoungGen      total 146944K, used 146531K [0x00000000e0000000, 0x00000000ea280000, 0x0000000100000000)
  eden space 135680K, 100% used [0x00000000e0000000,0x00000000e8480000,0x00000000e8480000)
  from space 11264K, 96% used [0x00000000e9780000,0x00000000ea218dd0,0x00000000ea280000)
  to   space 12288K, 0% used [0x00000000e8a80000,0x00000000e8a80000,0x00000000e9680000)
 ParOldGen       total 100864K, used 15735K [0x00000000a0000000, 0x00000000a6280000, 0x00000000e0000000)
  object space 100864K, 15% used [0x00000000a0000000,0x00000000a0f5dd80,0x00000000a6280000)
 Metaspace       used 51770K, capacity 53412K, committed 53592K, reserved 1095680K
  class space    used 7014K, capacity 7437K, committed 7552K, reserved 1048576K
Event: 11.694 GC heap after
Heap after GC invocations=11 (full 2):
 PSYoungGen      total 154112K, used 12261K [0x00000000e0000000, 0x00000000ec080000, 0x0000000100000000)
  eden space 141824K, 0% used [0x00000000e0000000,0x00000000e0000000,0x00000000e8a80000)
  from space 12288K, 99% used [0x00000000e8a80000,0x00000000e96794d0,0x00000000e9680000)
  to   space 16384K, 0% used [0x00000000eb080000,0x00000000eb080000,0x00000000ec080000)
 ParOldGen       total 100864K, used 22316K [0x00000000a0000000, 0x00000000a6280000, 0x00000000e0000000)
  object space 100864K, 22% used [0x00000000a0000000,0x00000000a15cb300,0x00000000a6280000)
 Metaspace       used 51770K, capacity 53412K, committed 53592K, reserved 1095680K
  class space    used 7014K, capacity 7437K, committed 7552K, reserved 1048576K
}
Event: 13.945 GC heap before
{Heap before GC invocations=12 (full 2):
 PSYoungGen      total 154112K, used 103532K [0x00000000e0000000, 0x00000000ec080000, 0x0000000100000000)
  eden space 141824K, 64% used [0x00000000e0000000,0x00000000e5921d18,0x00000000e8a80000)
  from space 12288K, 99% used [0x00000000e8a80000,0x00000000e96794d0,0x00000000e9680000)
  to   space 16384K, 0% used [0x00000000eb080000,0x00000000eb080000,0x00000000ec080000)
 ParOldGen       total 100864K, used 22316K [0x00000000a0000000, 0x00000000a6280000, 0x00000000e0000000)
  object space 100864K, 22% used [0x00000000a0000000,0x00000000a15cb300,0x00000000a6280000)
 Metaspace       used 57122K, capacity 58910K, committed 59028K, reserved 1099776K
  class space    used 7704K, capacity 8170K, committed 8192K, reserved 1048576K
Event: 13.968 GC heap after
Heap after GC invocations=12 (full 2):
 PSYoungGen      total 176128K, used 16380K [0x00000000e0000000, 0x00000000ed200000, 0x0000000100000000)
  eden space 159744K, 0% used [0x00000000e0000000,0x00000000e0000000,0x00000000e9c00000)
  from space 16384K, 99% used [0x00000000eb080000,0x00000000ec07f2d0,0x00000000ec080000)
  to   space 20992K, 0% used [0x00000000e9c00000,0x00000000e9c00000,0x00000000eb080000)
 ParOldGen       total 100864K, used 29786K [0x00000000a0000000, 0x00000000a6280000, 0x00000000e0000000)
  object space 100864K, 29% used [0x00000000a0000000,0x00000000a1d168e0,0x00000000a6280000)
 Metaspace       used 57122K, capacity 58910K, committed 59028K, reserved 1099776K
  class space    used 7704K, capacity 8170K, committed 8192K, reserved 1048576K
}
Event: 13.968 GC heap before
{Heap before GC invocations=13 (full 3):
 PSYoungGen      total 176128K, used 16380K [0x00000000e0000000, 0x00000000ed200000, 0x0000000100000000)
  eden space 159744K, 0% used [0x00000000e0000000,0x00000000e0000000,0x00000000e9c00000)
  from space 16384K, 99% used [0x00000000eb080000,0x00000000ec07f2d0,0x00000000ec080000)
  to   space 20992K, 0% used [0x00000000e9c00000,0x00000000e9c00000,0x00000000eb080000)
 ParOldGen       total 100864K, used 29786K [0x00000000a0000000, 0x00000000a6280000, 0x00000000e0000000)
  object space 100864K, 29% used [0x00000000a0000000,0x00000000a1d168e0,0x00000000a6280000)
 Metaspace       used 57122K, capacity 58910K, committed 59028K, reserved 1099776K
  class space    used 7704K, capacity 8170K, committed 8192K, reserved 1048576K
Event: 14.203 GC heap after
Heap after GC invocations=13 (full 3):
 PSYoungGen      total 176128K, used 0K [0x00000000e0000000, 0x00000000ed200000, 0x0000000100000000)
  eden space 159744K, 0% used [0x00000000e0000000,0x00000000e0000000,0x00000000e9c00000)
  from space 16384K, 0% used [0x00000000eb080000,0x00000000eb080000,0x00000000ec080000)
  to   space 20992K, 0% used [0x00000000e9c00000,0x00000000e9c00000,0x00000000eb080000)
 ParOldGen       total 160768K, used 37223K [0x00000000a0000000, 0x00000000a9d00000, 0x00000000e0000000)
  object space 160768K, 23% used [0x00000000a0000000,0x00000000a2459fb8,0x00000000a9d00000)
 Metaspace       used 57122K, capacity 58910K, committed 59028K, reserved 1099776K
  class space    used 7704K, capacity 8170K, committed 8192K, reserved 1048576K
}
Event: 20.194 GC heap before
{Heap before GC invocations=14 (full 3):
 PSYoungGen      total 176128K, used 159179K [0x00000000e0000000, 0x00000000ed200000, 0x0000000100000000)
  eden space 159744K, 99% used [0x00000000e0000000,0x00000000e9b72ca0,0x00000000e9c00000)
  from space 16384K, 0% used [0x00000000eb080000,0x00000000eb080000,0x00000000ec080000)
  to   space 20992K, 0% used [0x00000000e9c00000,0x00000000e9c00000,0x00000000eb080000)
 ParOldGen       total 160768K, used 37223K [0x00000000a0000000, 0x00000000a9d00000, 0x00000000e0000000)
  object space 160768K, 23% used [0x00000000a0000000,0x00000000a2459fb8,0x00000000a9d00000)
 Metaspace       used 64668K, capacity 66744K, committed 66904K, reserved 1107968K
  class space    used 8570K, capacity 9053K, committed 9088K, reserved 1048576K
Event: 20.212 GC heap after
Heap after GC invocations=14 (full 3):
 PSYoungGen      total 180736K, used 14001K [0x00000000e0000000, 0x00000000ede00000, 0x0000000100000000)
  eden space 159744K, 0% used [0x00000000e0000000,0x00000000e0000000,0x00000000e9c00000)
  from space 20992K, 66% used [0x00000000e9c00000,0x00000000ea9ac478,0x00000000eb080000)
  to   space 21504K, 0% used [0x00000000ec900000,0x00000000ec900000,0x00000000ede00000)
 ParOldGen       total 160768K, used 37751K [0x00000000a0000000, 0x00000000a9d00000, 0x00000000e0000000)
  object space 160768K, 23% used [0x00000000a0000000,0x00000000a24ddfe8,0x00000000a9d00000)
 Metaspace       used 64668K, capacity 66744K, committed 66904K, reserved 1107968K
  class space    used 8570K, capacity 9053K, committed 9088K, reserved 1048576K
}

